<?xml version="1.0" encoding="UTF-8"?>
<!-- Generated by org.testng.reporters.JUnitReportReporter -->
<testsuite hostname="DESKTOP-R6GD7JD" failures="0" tests="2" name="com.Test.CreateContactTest" time="40.910" errors="0" timestamp="2024-12-18T14:16:33 IST" skipped="0">
  <testcase classname="com.Test.CreateContactTest" name="verifyCreateContact" time="19.789"/>
  <system-out/>
  <testcase classname="com.Test.CreateContactTest" name="verifyCreateContactValidations" time="21.121"/>
  <system-out/>
</testsuite> <!-- com.Test.CreateContactTest -->
