<?xml version="1.0" encoding="UTF-8"?>
<!-- Generated by org.testng.reporters.JUnitReportReporter -->
<testsuite hostname="DESKTOP-R6GD7JD" failures="0" tests="1" name="EditProfileTest" time="32.456" errors="0" timestamp="2024-12-12T14:35:57 IST" skipped="0">
  <testcase classname="EditProfileTest" name="verifyEditProfileTest" time="32.456"/>
  <system-out/>
</testsuite> <!-- EditProfileTest -->
