<?xml version="1.0" encoding="UTF-8"?>
<!-- Generated by org.testng.reporters.JUnitReportReporter -->
<testsuite hostname="Pc-PC" name="EditProfileTest" tests="1" failures="0" timestamp="21 Jul 2020 14:03:28 GMT" time="47.266" errors="0">
  <testcase name="verifyEditProfileTest" time="47.266" classname="EditProfileTest"/>
</testsuite> <!-- EditProfileTest -->
