<?xml version="1.0" encoding="UTF-8"?>
<!-- Generated by org.testng.reporters.JUnitReportReporter -->
<testsuite hostname="DESKTOP-R6GD7JD" failures="0" tests="1" name="com.Test.EditProfileTest" time="38.548" errors="0" timestamp="2024-12-18T14:27:31 IST" skipped="0">
  <testcase classname="com.Test.EditProfileTest" name="verifyEditProfileTest" time="38.548"/>
  <system-out/>
</testsuite> <!-- com.Test.EditProfileTest -->
