<?xml version="1.0" encoding="UTF-8"?>
<!-- Generated by org.testng.reporters.JUnitReportReporter -->
<testsuite hostname="DESKTOP-R6GD7JD" failures="0" tests="2" name="com.Test.CreateContactTest" time="108.326" errors="0" timestamp="2024-12-23T11:13:09 IST" skipped="0">
  <testcase classname="com.Test.CreateContactTest" name="verifyCreateContactValidations" time="51.669"/>
  <system-out/>
  <testcase classname="com.Test.CreateContactTest" name="verifyCreateContact" time="56.657"/>
  <system-out/>
</testsuite> <!-- com.Test.CreateContactTest -->
