<?xml version="1.0" encoding="UTF-8"?>
<!-- Generated by org.testng.reporters.JUnitReportReporter -->
<testsuite hostname="DESKTOP-R6GD7JD" failures="0" tests="2" name="com.Test.CreateContactTest" time="109.717" errors="0" timestamp="2024-12-25T11:10:11 IST" skipped="0">
  <testcase classname="com.Test.CreateContactTest" name="verifyCreateContactValidations" time="53.291"/>
  <system-out/>
  <testcase classname="com.Test.CreateContactTest" name="verifyCreateContact" time="56.426"/>
  <system-out/>
</testsuite> <!-- com.Test.CreateContactTest -->
