<?xml version="1.0" encoding="UTF-8"?>
<!-- Generated by org.testng.reporters.JUnitReportReporter -->
<testsuite hostname="DESKTOP-R6GD7JD" failures="0" tests="2" name="com.Test.CreateContactTest" time="48.427" errors="0" timestamp="2024-12-18T16:33:28 IST" skipped="0">
  <testcase classname="com.Test.CreateContactTest" name="verifyCreateContact" time="18.867"/>
  <system-out/>
  <testcase classname="com.Test.CreateContactTest" name="verifyCreateContactValidations" time="29.560"/>
  <system-out/>
</testsuite> <!-- com.Test.CreateContactTest -->
