<?xml version="1.0" encoding="UTF-8"?>
<!-- Generated by org.testng.reporters.JUnitReportReporter -->
<testsuite hostname="DESKTOP-R6GD7JD" failures="0" tests="1" name="com.Test.CreateEventTest" time="34.998" errors="0" timestamp="2024-12-21T14:09:05 IST" skipped="0">
  <testcase classname="com.Test.CreateEventTest" name="verifyCreateContactValidations" time="34.998"/>
  <system-out/>
</testsuite> <!-- com.Test.CreateEventTest -->
