<?xml version="1.0" encoding="UTF-8"?>
<!-- Generated by org.testng.reporters.JUnitReportReporter -->
<testsuite hostname="DESKTOP-R6GD7JD" failures="0" tests="2" name="com.Test.CreateContactTest" time="53.767" errors="0" timestamp="2024-12-21T14:09:05 IST" skipped="0">
  <testcase classname="com.Test.CreateContactTest" name="verifyCreateContactValidations" time="22.760"/>
  <system-out/>
  <testcase classname="com.Test.CreateContactTest" name="verifyCreateContact" time="31.007"/>
  <system-out/>
</testsuite> <!-- com.Test.CreateContactTest -->
