<?xml version="1.0" encoding="UTF-8"?>
<!-- Generated by org.testng.reporters.JUnitReportReporter -->
<testsuite hostname="DESKTOP-R6GD7JD" failures="0" tests="2" name="com.Test.CreateContactTest" time="25.265" errors="0" timestamp="2024-12-20T15:00:41 IST" skipped="1">
  <testcase classname="com.Test.CreateContactTest" name="verifyCreateContactValidations" time="25.265"/>
  <system-out/>
  <testcase classname="com.Test.CreateContactTest" name="verifyCreateContact">
    <skipped/>
  </testcase> <!-- verifyCreateContact -->
  <system-out/>
</testsuite> <!-- com.Test.CreateContactTest -->
